<?xml version="1.0" encoding="UTF-8"?>
<!-- Generated by org.testng.reporters.JUnitReportReporter -->
<testsuite hostname="test-PC" name="com.todos.tests.AddTodoTest" tests="1" failures="0" timestamp="23 Aug 2020 19:04:12 GMT" time="14.113" errors="0">
  <testcase name="iCanAddTodo" time="14.113" classname="com.todos.tests.AddTodoTest"/>
</testsuite> <!-- com.todos.tests.AddTodoTest -->
