<?xml version="1.0" encoding="UTF-8"?>
<!-- Generated by org.testng.reporters.JUnitReportReporter -->
<testsuite hostname="test-PC" name="com.todos.tests.AddTodoTest" tests="1" failures="0" timestamp="22 Aug 2020 23:12:10 GMT" time="102.212" errors="0">
  <testcase name="iCanAddTodo" time="102.212" classname="com.todos.tests.AddTodoTest"/>
</testsuite> <!-- com.todos.tests.AddTodoTest -->
